2014/07/08 20:20:22 [error] [php] Undefined variable: 1 (/Applications/XAMPP/xamppfiles/htdocs/e24sys/protected/controllers/teachers/TeachersController.php:104)
Stack trace:
#0 /Applications/XAMPP/xamppfiles/htdocs/yii/framework/web/filters/CFilterChain.php(133): TeachersController->runAction()
#1 /Applications/XAMPP/xamppfiles/htdocs/yii/framework/web/filters/CFilter.php(40): CFilterChain->run()
#2 /Applications/XAMPP/xamppfiles/htdocs/yii/framework/web/CController.php(1145): CAccessControlFilter->filter()
#3 /Applications/XAMPP/xamppfiles/htdocs/yii/framework/web/filters/CInlineFilter.php(58): TeachersController->filterAccessControl()
#4 /Applications/XAMPP/xamppfiles/htdocs/yii/framework/web/filters/CFilterChain.php(130): CInlineFilter->filter()
#5 /Applications/XAMPP/xamppfiles/htdocs/yii/framework/web/CController.php(291): CFilterChain->run()
#6 /Applications/XAMPP/xamppfiles/htdocs/yii/framework/web/CController.php(265): TeachersController->runActionWithFilters()
#7 /Applications/XAMPP/xamppfiles/htdocs/yii/framework/web/CWebApplication.php(282): TeachersController->run()
#8 /Applications/XAMPP/xamppfiles/htdocs/yii/framework/web/CWebApplication.php(141): CWebApplication->runController()
#9 /Applications/XAMPP/xamppfiles/htdocs/yii/framework/base/CApplication.php(180): CWebApplication->processRequest()
#10 /Applications/XAMPP/xamppfiles/htdocs/e24sys/index.php(12): CWebApplication->run()
REQUEST_URI=/e24sys/index.php?r=teachers/teachers/getAlumnosHtml
in /Applications/XAMPP/xamppfiles/htdocs/e24sys/protected/controllers/teachers/TeachersController.php (104)
in /Applications/XAMPP/xamppfiles/htdocs/e24sys/index.php (12)
2014/07/08 20:20:26 [error] [php] Undefined variable: 1 (/Applications/XAMPP/xamppfiles/htdocs/e24sys/protected/controllers/teachers/TeachersController.php:104)
Stack trace:
#0 /Applications/XAMPP/xamppfiles/htdocs/yii/framework/web/filters/CFilterChain.php(133): TeachersController->runAction()
#1 /Applications/XAMPP/xamppfiles/htdocs/yii/framework/web/filters/CFilter.php(40): CFilterChain->run()
#2 /Applications/XAMPP/xamppfiles/htdocs/yii/framework/web/CController.php(1145): CAccessControlFilter->filter()
#3 /Applications/XAMPP/xamppfiles/htdocs/yii/framework/web/filters/CInlineFilter.php(58): TeachersController->filterAccessControl()
#4 /Applications/XAMPP/xamppfiles/htdocs/yii/framework/web/filters/CFilterChain.php(130): CInlineFilter->filter()
#5 /Applications/XAMPP/xamppfiles/htdocs/yii/framework/web/CController.php(291): CFilterChain->run()
#6 /Applications/XAMPP/xamppfiles/htdocs/yii/framework/web/CController.php(265): TeachersController->runActionWithFilters()
#7 /Applications/XAMPP/xamppfiles/htdocs/yii/framework/web/CWebApplication.php(282): TeachersController->run()
#8 /Applications/XAMPP/xamppfiles/htdocs/yii/framework/web/CWebApplication.php(141): CWebApplication->runController()
#9 /Applications/XAMPP/xamppfiles/htdocs/yii/framework/base/CApplication.php(180): CWebApplication->processRequest()
#10 /Applications/XAMPP/xamppfiles/htdocs/e24sys/index.php(12): CWebApplication->run()
REQUEST_URI=/e24sys/index.php?r=teachers/teachers/getAlumnosHtml
in /Applications/XAMPP/xamppfiles/htdocs/e24sys/protected/controllers/teachers/TeachersController.php (104)
in /Applications/XAMPP/xamppfiles/htdocs/e24sys/index.php (12)
2014/07/08 20:20:29 [error] [php] Undefined variable: 1 (/Applications/XAMPP/xamppfiles/htdocs/e24sys/protected/controllers/teachers/TeachersController.php:104)
Stack trace:
#0 /Applications/XAMPP/xamppfiles/htdocs/yii/framework/web/filters/CFilterChain.php(133): TeachersController->runAction()
#1 /Applications/XAMPP/xamppfiles/htdocs/yii/framework/web/filters/CFilter.php(40): CFilterChain->run()
#2 /Applications/XAMPP/xamppfiles/htdocs/yii/framework/web/CController.php(1145): CAccessControlFilter->filter()
#3 /Applications/XAMPP/xamppfiles/htdocs/yii/framework/web/filters/CInlineFilter.php(58): TeachersController->filterAccessControl()
#4 /Applications/XAMPP/xamppfiles/htdocs/yii/framework/web/filters/CFilterChain.php(130): CInlineFilter->filter()
#5 /Applications/XAMPP/xamppfiles/htdocs/yii/framework/web/CController.php(291): CFilterChain->run()
#6 /Applications/XAMPP/xamppfiles/htdocs/yii/framework/web/CController.php(265): TeachersController->runActionWithFilters()
#7 /Applications/XAMPP/xamppfiles/htdocs/yii/framework/web/CWebApplication.php(282): TeachersController->run()
#8 /Applications/XAMPP/xamppfiles/htdocs/yii/framework/web/CWebApplication.php(141): CWebApplication->runController()
#9 /Applications/XAMPP/xamppfiles/htdocs/yii/framework/base/CApplication.php(180): CWebApplication->processRequest()
#10 /Applications/XAMPP/xamppfiles/htdocs/e24sys/index.php(12): CWebApplication->run()
REQUEST_URI=/e24sys/index.php?r=teachers/teachers/getAlumnosHtml
in /Applications/XAMPP/xamppfiles/htdocs/e24sys/protected/controllers/teachers/TeachersController.php (104)
in /Applications/XAMPP/xamppfiles/htdocs/e24sys/index.php (12)
2014/07/08 20:21:07 [error] [php] Array to string conversion (/Applications/XAMPP/xamppfiles/htdocs/e24sys/protected/controllers/teachers/TeachersController.php:105)
Stack trace:
#0 /Applications/XAMPP/xamppfiles/htdocs/yii/framework/web/filters/CFilterChain.php(133): TeachersController->runAction()
#1 /Applications/XAMPP/xamppfiles/htdocs/yii/framework/web/filters/CFilter.php(40): CFilterChain->run()
#2 /Applications/XAMPP/xamppfiles/htdocs/yii/framework/web/CController.php(1145): CAccessControlFilter->filter()
#3 /Applications/XAMPP/xamppfiles/htdocs/yii/framework/web/filters/CInlineFilter.php(58): TeachersController->filterAccessControl()
#4 /Applications/XAMPP/xamppfiles/htdocs/yii/framework/web/filters/CFilterChain.php(130): CInlineFilter->filter()
#5 /Applications/XAMPP/xamppfiles/htdocs/yii/framework/web/CController.php(291): CFilterChain->run()
#6 /Applications/XAMPP/xamppfiles/htdocs/yii/framework/web/CController.php(265): TeachersController->runActionWithFilters()
#7 /Applications/XAMPP/xamppfiles/htdocs/yii/framework/web/CWebApplication.php(282): TeachersController->run()
#8 /Applications/XAMPP/xamppfiles/htdocs/yii/framework/web/CWebApplication.php(141): CWebApplication->runController()
#9 /Applications/XAMPP/xamppfiles/htdocs/yii/framework/base/CApplication.php(180): CWebApplication->processRequest()
#10 /Applications/XAMPP/xamppfiles/htdocs/e24sys/index.php(12): CWebApplication->run()
REQUEST_URI=/e24sys/index.php?r=teachers/teachers/getAlumnosHtml
in /Applications/XAMPP/xamppfiles/htdocs/e24sys/protected/controllers/teachers/TeachersController.php (105)
in /Applications/XAMPP/xamppfiles/htdocs/e24sys/index.php (12)
2014/07/09 00:17:13 [error] [system.db.CDbCommand] CDbCommand::fetchAll() failed: SQLSTATE[42S22]: Column not found: 1054 Unknown column 't.fk_student' in 'where clause'. The SQL statement executed was: SELECT * FROM `tbl_e24_students` `t` WHERE ((t.fk_student=4) AND (t.fk_group=1)) AND (t.fk_client=1).
in /Applications/XAMPP/xamppfiles/htdocs/e24sys/protected/controllers/teachers/TeachersController.php (171)
in /Applications/XAMPP/xamppfiles/htdocs/e24sys/index.php (12)
2014/07/09 00:17:13 [error] [exception.CDbException] exception 'CDbException' with message 'CDbCommand failed to execute the SQL statement: SQLSTATE[42S22]: Column not found: 1054 Unknown column 't.fk_student' in 'where clause'. The SQL statement executed was: SELECT * FROM `tbl_e24_students` `t` WHERE ((t.fk_student=4) AND (t.fk_group=1)) AND (t.fk_client=1)' in /Applications/XAMPP/xamppfiles/htdocs/yii/framework/db/CDbCommand.php:543
Stack trace:
#0 /Applications/XAMPP/xamppfiles/htdocs/yii/framework/db/CDbCommand.php(396): CDbCommand->queryInternal('fetchAll', Array, Array)
#1 /Applications/XAMPP/xamppfiles/htdocs/yii/framework/db/ar/CActiveRecord.php(1351): CDbCommand->queryAll()
#2 /Applications/XAMPP/xamppfiles/htdocs/yii/framework/db/ar/CActiveRecord.php(1470): CActiveRecord->query(Object(CDbCriteria), true)
#3 /Applications/XAMPP/xamppfiles/htdocs/e24sys/protected/controllers/teachers/TeachersController.php(171): CActiveRecord->findAll(Object(CDbCriteria))
#4 [internal function]: TeachersController->actionDeleteStudent('4')
#5 /Applications/XAMPP/xamppfiles/htdocs/yii/framework/web/actions/CAction.php(108): ReflectionMethod->invokeArgs(Object(TeachersController), Array)
#6 /Applications/XAMPP/xamppfiles/htdocs/yii/framework/web/actions/CInlineAction.php(47): CAction->runWithParamsInternal(Object(TeachersController), Object(ReflectionMethod), Array)
#7 /Applications/XAMPP/xamppfiles/htdocs/yii/framework/web/CController.php(308): CInlineAction->runWithParams(Array)
#8 /Applications/XAMPP/xamppfiles/htdocs/yii/framework/web/filters/CFilterChain.php(133): CController->runAction(Object(CInlineAction))
#9 /Applications/XAMPP/xamppfiles/htdocs/yii/framework/web/filters/CFilter.php(40): CFilterChain->run()
#10 /Applications/XAMPP/xamppfiles/htdocs/yii/framework/web/CController.php(1145): CFilter->filter(Object(CFilterChain))
#11 /Applications/XAMPP/xamppfiles/htdocs/yii/framework/web/filters/CInlineFilter.php(58): CController->filterAccessControl(Object(CFilterChain))
#12 /Applications/XAMPP/xamppfiles/htdocs/yii/framework/web/filters/CFilterChain.php(130): CInlineFilter->filter(Object(CFilterChain))
#13 /Applications/XAMPP/xamppfiles/htdocs/yii/framework/web/CController.php(291): CFilterChain->run()
#14 /Applications/XAMPP/xamppfiles/htdocs/yii/framework/web/CController.php(265): CController->runActionWithFilters(Object(CInlineAction), Array)
#15 /Applications/XAMPP/xamppfiles/htdocs/yii/framework/web/CWebApplication.php(282): CController->run('deleteStudent')
#16 /Applications/XAMPP/xamppfiles/htdocs/yii/framework/web/CWebApplication.php(141): CWebApplication->runController('teachers/teache...')
#17 /Applications/XAMPP/xamppfiles/htdocs/yii/framework/base/CApplication.php(180): CWebApplication->processRequest()
#18 /Applications/XAMPP/xamppfiles/htdocs/e24sys/index.php(12): CApplication->run()
#19 {main}
REQUEST_URI=/e24sys/index.php?ajax=students-grid&id=4&r=teachers%2Fteachers%2FdeleteStudent
HTTP_REFERER=http://localhost/e24sys/index.php?r=teachers/teachers/adminAlumnos
---
2014/07/09 00:18:32 [error] [system.db.CDbCommand] CDbCommand::fetchAll() failed: SQLSTATE[42S22]: Column not found: 1054 Unknown column 't.fk_student' in 'where clause'. The SQL statement executed was: SELECT * FROM `tbl_e24_students` `t` WHERE ((t.fk_student=4) AND (t.fk_group=1)) AND (t.fk_client=1).
in /Applications/XAMPP/xamppfiles/htdocs/e24sys/protected/controllers/teachers/TeachersController.php (171)
in /Applications/XAMPP/xamppfiles/htdocs/e24sys/index.php (12)
2014/07/09 00:18:32 [error] [exception.CDbException] exception 'CDbException' with message 'CDbCommand failed to execute the SQL statement: SQLSTATE[42S22]: Column not found: 1054 Unknown column 't.fk_student' in 'where clause'. The SQL statement executed was: SELECT * FROM `tbl_e24_students` `t` WHERE ((t.fk_student=4) AND (t.fk_group=1)) AND (t.fk_client=1)' in /Applications/XAMPP/xamppfiles/htdocs/yii/framework/db/CDbCommand.php:543
Stack trace:
#0 /Applications/XAMPP/xamppfiles/htdocs/yii/framework/db/CDbCommand.php(396): CDbCommand->queryInternal('fetchAll', Array, Array)
#1 /Applications/XAMPP/xamppfiles/htdocs/yii/framework/db/ar/CActiveRecord.php(1351): CDbCommand->queryAll()
#2 /Applications/XAMPP/xamppfiles/htdocs/yii/framework/db/ar/CActiveRecord.php(1470): CActiveRecord->query(Object(CDbCriteria), true)
#3 /Applications/XAMPP/xamppfiles/htdocs/e24sys/protected/controllers/teachers/TeachersController.php(171): CActiveRecord->findAll(Object(CDbCriteria))
#4 [internal function]: TeachersController->actionDeleteStudent('4')
#5 /Applications/XAMPP/xamppfiles/htdocs/yii/framework/web/actions/CAction.php(108): ReflectionMethod->invokeArgs(Object(TeachersController), Array)
#6 /Applications/XAMPP/xamppfiles/htdocs/yii/framework/web/actions/CInlineAction.php(47): CAction->runWithParamsInternal(Object(TeachersController), Object(ReflectionMethod), Array)
#7 /Applications/XAMPP/xamppfiles/htdocs/yii/framework/web/CController.php(308): CInlineAction->runWithParams(Array)
#8 /Applications/XAMPP/xamppfiles/htdocs/yii/framework/web/filters/CFilterChain.php(133): CController->runAction(Object(CInlineAction))
#9 /Applications/XAMPP/xamppfiles/htdocs/yii/framework/web/filters/CFilter.php(40): CFilterChain->run()
#10 /Applications/XAMPP/xamppfiles/htdocs/yii/framework/web/CController.php(1145): CFilter->filter(Object(CFilterChain))
#11 /Applications/XAMPP/xamppfiles/htdocs/yii/framework/web/filters/CInlineFilter.php(58): CController->filterAccessControl(Object(CFilterChain))
#12 /Applications/XAMPP/xamppfiles/htdocs/yii/framework/web/filters/CFilterChain.php(130): CInlineFilter->filter(Object(CFilterChain))
#13 /Applications/XAMPP/xamppfiles/htdocs/yii/framework/web/CController.php(291): CFilterChain->run()
#14 /Applications/XAMPP/xamppfiles/htdocs/yii/framework/web/CController.php(265): CController->runActionWithFilters(Object(CInlineAction), Array)
#15 /Applications/XAMPP/xamppfiles/htdocs/yii/framework/web/CWebApplication.php(282): CController->run('deleteStudent')
#16 /Applications/XAMPP/xamppfiles/htdocs/yii/framework/web/CWebApplication.php(141): CWebApplication->runController('teachers/teache...')
#17 /Applications/XAMPP/xamppfiles/htdocs/yii/framework/base/CApplication.php(180): CWebApplication->processRequest()
#18 /Applications/XAMPP/xamppfiles/htdocs/e24sys/index.php(12): CApplication->run()
#19 {main}
REQUEST_URI=/e24sys/index.php?ajax=students-grid&id=4&r=teachers%2Fteachers%2FdeleteStudent
HTTP_REFERER=http://localhost/e24sys/index.php?r=teachers/teachers/adminAlumnos
---
